{"level":"info","message":"Incoming request: POST /api/v1/health","service":"default-service-name","timestamp":"2025-04-24 11:20:09"}
{"level":"info","message":"Incoming request: POST /api/v1/user/register","service":"default-service-name","timestamp":"2025-04-24 11:20:29"}
{"level":"info","message":"Incoming request: POST /api/v1/user/register","service":"default-service-name","timestamp":"2025-04-24 11:27:38"}
{"level":"info","message":"Incoming request: POST /api/v1/user/register","service":"default-service-name","timestamp":"2025-04-24 11:28:38"}
{"level":"info","message":"Incoming request: POST /api/v1/user/register","service":"default-service-name","timestamp":"2025-04-24 11:28:40"}
{"level":"info","message":"Incoming request: POST /api/v1/health-profile","service":"default-service-name","timestamp":"2025-04-24 12:33:42"}
{"level":"info","message":"Incoming request: POST /api/v1/health-profile","service":"default-service-name","timestamp":"2025-04-24 13:02:22"}
{"level":"info","message":"Incoming request: POST /api/v1/health-profile","service":"default-service-name","timestamp":"2025-04-24 13:03:19"}
{"level":"info","message":"Incoming request: POST /api/v1/health-profile","service":"default-service-name","timestamp":"2025-04-24 13:04:28"}
{"level":"info","message":"Incoming request: POST /api/v1/health-profile","service":"default-service-name","timestamp":"2025-04-24 13:09:55"}
{"level":"info","message":"Incoming request: POST /api/v1/user/register","service":"default-service-name","timestamp":"2025-04-24 14:38:58"}
{"level":"info","message":"Incoming request: POST /api/v1/health-profile","service":"default-service-name","timestamp":"2025-04-24 14:40:07"}
{"level":"info","message":"Incoming request: POST /api/v1/health-profile","service":"default-service-name","timestamp":"2025-04-24 14:40:29"}
{"level":"info","message":"Incoming request: POST /api/v1/user/register","service":"default-service-name","timestamp":"2025-04-24 14:41:45"}
{"level":"info","message":"Incoming request: PUT /api/v1/health-profile","service":"default-service-name","timestamp":"2025-04-24 17:48:29"}
{"level":"info","message":"Incoming request: PUT /api/v1/health-profile","service":"default-service-name","timestamp":"2025-04-24 17:55:11"}
{"level":"info","message":"Incoming request: PUT /api/v1/health-profile","service":"default-service-name","timestamp":"2025-04-24 17:55:16"}
{"level":"info","message":"Incoming request: PUT /api/v1/health-profile/gi-history","service":"default-service-name","timestamp":"2025-04-24 17:57:08"}
{"level":"info","message":"Incoming request: PUT /api/v1/health-profile/gi-history","service":"default-service-name","timestamp":"2025-04-24 18:04:15"}
{"level":"info","message":"Incoming request: PUT /api/v1/health-profile/nutrition-profile","service":"default-service-name","timestamp":"2025-04-24 18:14:11"}
{"level":"info","message":"Incoming request: PUT /api/v1/health-profile/goals-motivation","service":"default-service-name","timestamp":"2025-04-24 18:15:09"}
{"level":"info","message":"Incoming request: GET /api/v1/health-profile/cm9v42io40000ijubfun3aglo","service":"default-service-name","timestamp":"2025-04-24 18:17:15"}
{"level":"info","message":"Incoming request: GET /api/v1/health-profile/cm9v42io40000ijubfun3aglo","service":"default-service-name","timestamp":"2025-04-24 18:18:13"}
{"level":"info","message":"Incoming request: GET /api/v1/health-profile/cm9v42io40000ijubfun3aglo","service":"default-service-name","timestamp":"2025-04-24 18:18:32"}
{"level":"info","message":"Incoming request: POST /api/v1/partner","service":"default-service-name","timestamp":"2025-04-25 11:35:17"}
{"level":"info","message":"Incoming request: POST /api/v1/partner","service":"default-service-name","timestamp":"2025-04-25 11:35:35"}
{"level":"info","message":"Incoming request: POST /api/v1/partner","service":"default-service-name","timestamp":"2025-04-25 11:39:30"}
{"level":"info","message":"Incoming request: POST /api/v1/partner","service":"default-service-name","timestamp":"2025-04-25 11:40:10"}
{"level":"info","message":"Incoming request: POST /api/v1/partner","service":"default-service-name","timestamp":"2025-04-25 11:40:25"}
{"level":"info","message":"Incoming request: POST /api/v1/partner","service":"default-service-name","timestamp":"2025-04-25 11:43:46"}
{"level":"info","message":"Incoming request: POST /api/v1/partner","service":"default-service-name","timestamp":"2025-04-25 11:44:05"}
{"level":"info","message":"Incoming request: POST /api/v1/partner","service":"default-service-name","timestamp":"2025-04-25 11:44:28"}
{"level":"info","message":"Incoming request: POST /api/v1/user/register","service":"default-service-name","timestamp":"2025-04-25 15:20:39"}
{"level":"info","message":"Incoming request: POST /api/v1/user/register","service":"default-service-name","timestamp":"2025-04-25 15:22:05"}
{"level":"info","message":"Incoming request: POST /api/v1/user/register","service":"default-service-name","timestamp":"2025-04-25 15:22:25"}
{"level":"info","message":"Incoming request: POST /api/v1/user/register","service":"default-service-name","timestamp":"2025-04-25 15:25:29"}
{"level":"info","message":"Incoming request: POST /api/v1/user/register","service":"default-service-name","timestamp":"2025-04-25 16:10:15"}
{"level":"info","message":"Incoming request: POST /api/v1/user/register","service":"default-service-name","timestamp":"2025-04-25 16:11:36"}
{"level":"info","message":"Incoming request: PATCH /api/v1/auth/verify-otp","service":"default-service-name","timestamp":"2025-04-25 16:13:37"}
{"level":"info","message":"Incoming request: PATCH /api/v1/auth/login","service":"default-service-name","timestamp":"2025-04-25 17:03:02"}
{"level":"info","message":"Incoming request: POST /api/v1/auth/login","service":"default-service-name","timestamp":"2025-04-25 17:03:11"}
{"level":"info","message":"Incoming request: POST /api/v1/auth/login","service":"default-service-name","timestamp":"2025-04-25 17:06:22"}
{"level":"info","message":"Incoming request: PATCH /api/v1/auth/verify-otp","service":"default-service-name","timestamp":"2025-04-25 17:06:51"}
{"level":"info","message":"Incoming request: POST /api/v1/auth/forgot-password","service":"default-service-name","timestamp":"2025-04-25 17:48:07"}
{"level":"info","message":"Incoming request: PATCH /api/v1/auth/reset-password","service":"default-service-name","timestamp":"2025-04-25 17:49:44"}
{"level":"info","message":"Incoming request: PATCH /api/v1/auth/reset-password","service":"default-service-name","timestamp":"2025-04-25 17:50:42"}
{"level":"info","message":"Incoming request: PATCH /api/v1/auth/reset-password","service":"default-service-name","timestamp":"2025-04-25 17:51:31"}
{"level":"info","message":"Incoming request: PATCH /api/v1/auth/reset-password","service":"default-service-name","timestamp":"2025-04-25 17:52:15"}
{"level":"info","message":"Incoming request: POST /api/v1/test-report/upload-test-report","service":"default-service-name","timestamp":"2025-04-26 10:19:40"}
{"level":"info","message":"Incoming request: POST /api/v1/test-report/upload-test-report","service":"default-service-name","timestamp":"2025-04-26 10:34:07"}
{"level":"info","message":"Incoming request: POST /api/v1/test-report/upload-test-report","service":"default-service-name","timestamp":"2025-04-26 10:35:01"}
{"level":"info","message":"Incoming request: POST /api/v1/test-report/upload-test-report","service":"default-service-name","timestamp":"2025-04-26 10:35:16"}
{"level":"info","message":"Incoming request: POST /api/v1/test-report/upload-test-report","service":"default-service-name","timestamp":"2025-04-26 10:52:17"}
{"level":"info","message":"Incoming request: POST /api/v1/test-report/upload-test-report","service":"default-service-name","timestamp":"2025-04-26 10:53:54"}
{"level":"info","message":"Incoming request: POST /api/v1/test-report/upload-test-report","service":"default-service-name","timestamp":"2025-04-26 10:57:29"}
{"level":"info","message":"Incoming request: POST /api/v1/test-report/upload-test-report","service":"default-service-name","timestamp":"2025-04-26 10:57:52"}
{"level":"info","message":"Incoming request: POST /api/v1/test-report/upload-test-report","service":"default-service-name","timestamp":"2025-04-26 11:01:29"}
{"level":"info","message":"Incoming request: GET /api/v1/health-profile/cm9v42io40000ijubfun3aglo","service":"default-service-name","timestamp":"2025-04-26 11:07:19"}
{"level":"info","message":"Incoming request: PUT /api/v1/health-profile/gi-history","service":"default-service-name","timestamp":"2025-04-26 12:38:38"}
{"level":"info","message":"Incoming request: GET /api/v1/health-profile/cm9v42io40000ijubfun3aglo","service":"default-service-name","timestamp":"2025-04-26 12:57:24"}
{"level":"info","message":"Incoming request: PUT /api/v1/health-profile/goals-motivation","service":"default-service-name","timestamp":"2025-04-26 12:59:12"}
{"level":"info","message":"Incoming request: GET /api/v1/health-profile/cm9v42io40000ijubfun3aglo","service":"default-service-name","timestamp":"2025-04-26 12:59:15"}
{"level":"info","message":"Incoming request: GET /favicon.ico","service":"default-service-name","timestamp":"2025-04-26 15:58:34"}
{"level":"info","message":"Incoming request: GET /api/v1/blog","service":"default-service-name","timestamp":"2025-04-26 16:21:38"}
{"level":"info","message":"Incoming request: GET /api/v1/blog","service":"default-service-name","timestamp":"2025-04-26 16:22:04"}
{"level":"info","message":"Incoming request: GET /api/v1/blog","service":"default-service-name","timestamp":"2025-04-26 16:27:32"}
{"level":"info","message":"Incoming request: POST /api/v1/blog","service":"default-service-name","timestamp":"2025-04-26 16:27:54"}
{"level":"info","message":"Incoming request: POST /api/v1/blog","service":"default-service-name","timestamp":"2025-04-26 16:39:01"}
{"level":"info","message":"Incoming request: POST /api/v1/blog","service":"default-service-name","timestamp":"2025-04-26 16:40:15"}
{"level":"info","message":"Incoming request: POST /api/v1/blog","service":"default-service-name","timestamp":"2025-04-26 16:47:26"}
{"level":"info","message":"Incoming request: POST /api/v1/blog","service":"default-service-name","timestamp":"2025-04-26 16:48:10"}
{"level":"info","message":"Incoming request: POST /api/v1/blog","service":"default-service-name","timestamp":"2025-04-26 16:48:34"}
{"level":"info","message":"Incoming request: GET /favicon.ico","service":"default-service-name","timestamp":"2025-04-26 16:49:00"}
{"level":"info","message":"Incoming request: POST /api/v1/blog","service":"default-service-name","timestamp":"2025-04-26 16:49:30"}
{"level":"info","message":"Incoming request: POST /api/v1/blog","service":"default-service-name","timestamp":"2025-04-26 16:51:11"}
{"level":"info","message":"Incoming request: POST /api/v1/blog","service":"default-service-name","timestamp":"2025-04-26 16:54:05"}
{"level":"info","message":"Incoming request: POST /api/v1/blog","service":"default-service-name","timestamp":"2025-04-26 16:56:59"}
{"level":"info","message":"Incoming request: POST /api/v1/blog","service":"default-service-name","timestamp":"2025-04-26 16:59:04"}
{"level":"info","message":"Incoming request: POST /api/v1/blog","service":"default-service-name","timestamp":"2025-04-26 17:01:59"}
{"level":"info","message":"Incoming request: POST /api/v1/blog","service":"default-service-name","timestamp":"2025-04-26 17:04:02"}
{"level":"info","message":"Incoming request: POST /api/v1/blog","service":"default-service-name","timestamp":"2025-04-26 17:04:17"}
{"level":"info","message":"Incoming request: POST /api/v1/blog","service":"default-service-name","timestamp":"2025-04-26 17:13:45"}
{"level":"info","message":"Incoming request: POST /api/v1/blog","service":"default-service-name","timestamp":"2025-04-26 17:15:41"}
{"level":"info","message":"Incoming request: POST /api/v1/blog","service":"default-service-name","timestamp":"2025-04-26 17:16:08"}
{"level":"info","message":"Incoming request: POST /api/v1/blog","service":"default-service-name","timestamp":"2025-04-26 17:17:18"}
{"level":"info","message":"Incoming request: POST /api/v1/blog","service":"default-service-name","timestamp":"2025-04-26 17:20:50"}
{"level":"info","message":"Incoming request: POST /api/v1/blog","service":"default-service-name","timestamp":"2025-04-26 17:20:56"}
{"level":"info","message":"Incoming request: DELETE /api/v1/blog/:cm9y4qis90001tc602twxluj3","service":"default-service-name","timestamp":"2025-04-26 17:34:24"}
{"level":"info","message":"Incoming request: DELETE /api/v1/blog/cm9y4qis90001tc602twxluj3","service":"default-service-name","timestamp":"2025-04-26 17:34:41"}
{"level":"info","message":"Incoming request: DELETE /api/v1/blog/cm9y4qis90001tc602twxluj3","service":"default-service-name","timestamp":"2025-04-26 17:34:52"}
{"level":"info","message":"Incoming request: DELETE /api/v1/blog/cm9y4qis90001tc602twxluj3","service":"default-service-name","timestamp":"2025-04-26 17:36:00"}
{"level":"info","message":"Incoming request: POST /api/v1/blog","service":"default-service-name","timestamp":"2025-04-26 17:36:04"}
{"level":"info","message":"Incoming request: DELETE /api/v1/blog/cm9y4qis90001tc602twxluj3","service":"default-service-name","timestamp":"2025-04-26 17:36:09"}
{"level":"info","message":"Incoming request: POST /api/v1/blog","service":"default-service-name","timestamp":"2025-04-26 17:36:12"}
{"level":"info","message":"Incoming request: DELETE /api/v1/blog/cm9y5a59u0001tcg0jz98u42q","service":"default-service-name","timestamp":"2025-04-26 17:36:23"}
{"level":"info","message":"Incoming request: DELETE /api/v1/blog/cm9y5a59u0001tcg0jz98u42q","service":"default-service-name","timestamp":"2025-04-26 17:37:01"}
{"level":"info","message":"Incoming request: POST /api/v1/blog","service":"default-service-name","timestamp":"2025-04-26 17:37:04"}
{"level":"info","message":"Incoming request: POST /api/v1/blog","service":"default-service-name","timestamp":"2025-04-26 17:37:06"}
{"level":"info","message":"Incoming request: DELETE /api/v1/blog/cm9y5bahy0001tcus59rf4x43","service":"default-service-name","timestamp":"2025-04-26 17:37:12"}
{"level":"info","message":"Incoming request: GET /api/v1/blog/cm9y5bahy0001tcus59rf4x43","service":"default-service-name","timestamp":"2025-04-26 17:38:31"}
{"level":"info","message":"Incoming request: POST /api/v1/blog","service":"default-service-name","timestamp":"2025-04-26 17:38:36"}
{"level":"info","message":"Incoming request: GET /api/v1/blog/cm9y5d8520000tckwiqrsfoom","service":"default-service-name","timestamp":"2025-04-26 17:38:42"}
{"level":"info","message":"Incoming request: GET /api/v1/blog/","service":"default-service-name","timestamp":"2025-04-26 17:41:49"}
{"level":"info","message":"Incoming request: GET /api/v1/blog/","service":"default-service-name","timestamp":"2025-04-26 17:42:52"}
{"level":"info","message":"Incoming request: GET /api/v1/blog/cm9y5d8520000tckwiqrsfoom","service":"default-service-name","timestamp":"2025-04-26 17:49:08"}
{"level":"info","message":"Incoming request: GET /api/v1/blog/cm9y5d8520000tckwiqrsfoom","service":"default-service-name","timestamp":"2025-04-26 17:49:29"}
{"level":"info","message":"Incoming request: PATCH /api/v1/blog/cm9y4qdvu0000tc60vtjsq3my","service":"default-service-name","timestamp":"2025-04-26 17:50:46"}
{"level":"info","message":"Incoming request: GET /api/v1/blog/","service":"default-service-name","timestamp":"2025-04-26 17:50:49"}
{"level":"info","message":"Incoming request: PATCH /api/v1/blog/cm9y4qdvu0000tc60vtjsq3my","service":"default-service-name","timestamp":"2025-04-26 17:50:58"}
{"level":"info","message":"Incoming request: PATCH /api/v1/blog/cm9y4qdvu0000tc60vtjsq3my","service":"default-service-name","timestamp":"2025-04-26 17:51:10"}
{"level":"info","message":"Incoming request: PATCH /api/v1/blog/cm9y4qdvu0000tc60vtjsq3my","service":"default-service-name","timestamp":"2025-04-26 17:52:10"}
{"level":"info","message":"Incoming request: PATCH /api/v1/blog/cm9y4qdvu0000tc60vtjsq3my","service":"default-service-name","timestamp":"2025-04-26 17:52:50"}
{"level":"info","message":"Incoming request: PATCH /api/v1/blog/cm9y4qdvu0000tc60vtjsq3my","service":"default-service-name","timestamp":"2025-04-26 17:54:19"}
{"level":"info","message":"Incoming request: PATCH /api/v1/blog/cm9y4qdvu0000tc60vtjsq3my","service":"default-service-name","timestamp":"2025-04-26 17:54:43"}
{"level":"info","message":"Incoming request: PATCH /api/v1/blog/cm9y4qdvu0000tc60vtjsq3my","service":"default-service-name","timestamp":"2025-04-26 17:56:04"}
{"level":"info","message":"Incoming request: PATCH /api/v1/blog/cm9y4qdvu0000tc60vtjsq3my","service":"default-service-name","timestamp":"2025-04-26 17:56:08"}
{"level":"info","message":"Incoming request: PATCH /api/v1/blog/cm9y4qdvu0000tc60vtjsq3my","service":"default-service-name","timestamp":"2025-04-26 17:56:15"}
{"level":"info","message":"Incoming request: PATCH /api/v1/blog/cm9y4qdvu0000tc60vtjsq3my","service":"default-service-name","timestamp":"2025-04-26 17:56:24"}
{"level":"info","message":"Incoming request: PATCH /api/v1/blog/cm9y4qdvu0000tc60vtjsq3my","service":"default-service-name","timestamp":"2025-04-26 17:56:31"}
{"level":"info","message":"Incoming request: PATCH /api/v1/blog/cm9y4qdvu0000tc60vtjsq3my","service":"default-service-name","timestamp":"2025-04-26 17:56:35"}
{"level":"info","message":"Incoming request: PATCH /api/v1/blog/cm9y4qdvu0000tc60vtjsq3my","service":"default-service-name","timestamp":"2025-04-26 17:57:02"}
{"level":"info","message":"Incoming request: PATCH /api/v1/blog/cm9y4qdvu0000tc60vtjsq3my","service":"default-service-name","timestamp":"2025-04-26 17:57:28"}
{"level":"info","message":"Incoming request: GET /api/v1/blog/cm9y4qdvu0000tc60vtjsq3my","service":"default-service-name","timestamp":"2025-04-26 17:57:34"}
{"level":"info","message":"Incoming request: PATCH /api/v1/blog/cm9y4qdvu0000tc60vtjsq3my","service":"default-service-name","timestamp":"2025-04-26 17:57:45"}
{"level":"info","message":"Incoming request: PATCH /api/v1/blog/cm9y4qdvu0000tc60vtjsq3my","service":"default-service-name","timestamp":"2025-04-26 17:57:50"}
{"level":"info","message":"Incoming request: PATCH /api/v1/blog/cm9y4qdvu0000tc60vtjsq3my","service":"default-service-name","timestamp":"2025-04-26 17:57:53"}
{"level":"info","message":"Incoming request: GET /api/v1/blog/","service":"default-service-name","timestamp":"2025-04-26 17:58:44"}
{"level":"info","message":"Incoming request: GET /api/v1/blog/","service":"default-service-name","timestamp":"2025-04-26 18:19:43"}
{"level":"info","message":"Incoming request: GET /api/v1/blog/","service":"default-service-name","timestamp":"2025-04-26 18:24:10"}
{"level":"info","message":"Incoming request: POST /api/v1/blog","service":"default-service-name","timestamp":"2025-04-26 18:29:41"}
{"level":"info","message":"Incoming request: POST /api/v1/blog","service":"default-service-name","timestamp":"2025-04-26 18:30:34"}
{"level":"info","message":"Incoming request: POST /api/v1/blog","service":"default-service-name","timestamp":"2025-04-26 18:31:44"}
{"level":"info","message":"Incoming request: GET /api/v1/blog/","service":"default-service-name","timestamp":"2025-04-26 18:31:50"}
{"level":"info","message":"Incoming request: GET /api/v1/blog/?limit=1","service":"default-service-name","timestamp":"2025-04-26 18:32:13"}
{"level":"info","message":"Incoming request: GET /api/v1/blog/?limit=1&page=2","service":"default-service-name","timestamp":"2025-04-26 18:32:29"}
{"level":"info","message":"Incoming request: GET /api/v1/blog/?searchTerm","service":"default-service-name","timestamp":"2025-04-26 18:33:01"}
{"level":"info","message":"Incoming request: GET /api/v1/blog/?searchTerm=health","service":"default-service-name","timestamp":"2025-04-26 18:33:06"}
{"level":"info","message":"Incoming request: GET /api/v1/blog/","service":"default-service-name","timestamp":"2025-04-26 18:33:14"}
{"level":"info","message":"Incoming request: GET /api/v1/blog/","service":"default-service-name","timestamp":"2025-04-26 18:33:34"}
{"level":"info","message":"Incoming request: GET /api/v1/blog/?searchTerm=Marker","service":"default-service-name","timestamp":"2025-04-26 18:33:36"}
{"level":"info","message":"Incoming request: GET /api/v1/blog/","service":"default-service-name","timestamp":"2025-04-26 18:33:42"}
{"level":"info","message":"Incoming request: GET /api/v1/blog/","service":"default-service-name","timestamp":"2025-04-26 18:36:21"}
{"level":"info","message":"Incoming request: GET /api/v1/blog/?searchTerm=Marker","service":"default-service-name","timestamp":"2025-04-26 18:36:26"}
{"level":"info","message":"Incoming request: GET /api/v1/blog/?searchTerm=medecine","service":"default-service-name","timestamp":"2025-04-26 18:36:35"}
